Determining if the pthread_create exist failed with the following output:
Change Dir: /home/davlee/ROS_ws/catkin_ws/src/gazebo_plugin/build/CMakeFiles/CMakeTmp

Run Build Command:"/usr/bin/make" "cmTC_eed5e/fast"
/usr/bin/make -f CMakeFiles/cmTC_eed5e.dir/build.make CMakeFiles/cmTC_eed5e.dir/build
make[1]: Entering directory '/home/davlee/ROS_ws/catkin_ws/src/gazebo_plugin/build/CMakeFiles/CMakeTmp'
Building C object CMakeFiles/cmTC_eed5e.dir/CheckSymbolExists.c.o
/usr/bin/cc     -o CMakeFiles/cmTC_eed5e.dir/CheckSymbolExists.c.o   -c /home/davlee/ROS_ws/catkin_ws/src/gazebo_plugin/build/CMakeFiles/CMakeTmp/CheckSymbolExists.c
Linking C executable cmTC_eed5e
/usr/bin/cmake -E cmake_link_script CMakeFiles/cmTC_eed5e.dir/link.txt --verbose=1
/usr/bin/cc       CMakeFiles/cmTC_eed5e.dir/CheckSymbolExists.c.o  -o cmTC_eed5e -rdynamic 
CMakeFiles/cmTC_eed5e.dir/CheckSymbolExists.c.o: In function `main':
CheckSymbolExists.c:(.text+0x16): undefined reference to `pthread_create'
collect2: error: ld returned 1 exit status
CMakeFiles/cmTC_eed5e.dir/build.make:97: recipe for target 'cmTC_eed5e' failed
make[1]: *** [cmTC_eed5e] Error 1
make[1]: Leaving directory '/home/davlee/ROS_ws/catkin_ws/src/gazebo_plugin/build/CMakeFiles/CMakeTmp'
Makefile:126: recipe for target 'cmTC_eed5e/fast' failed
make: *** [cmTC_eed5e/fast] Error 2

File /home/davlee/ROS_ws/catkin_ws/src/gazebo_plugin/build/CMakeFiles/CMakeTmp/CheckSymbolExists.c:
/* */
#include <pthread.h>

int main(int argc, char** argv)
{
  (void)argv;
#ifndef pthread_create
  return ((int*)(&pthread_create))[argc];
#else
  (void)argc;
  return 0;
#endif
}

Determining if the function pthread_create exists in the pthreads failed with the following output:
Change Dir: /home/davlee/ROS_ws/catkin_ws/src/gazebo_plugin/build/CMakeFiles/CMakeTmp

Run Build Command:"/usr/bin/make" "cmTC_1a189/fast"
/usr/bin/make -f CMakeFiles/cmTC_1a189.dir/build.make CMakeFiles/cmTC_1a189.dir/build
make[1]: Entering directory '/home/davlee/ROS_ws/catkin_ws/src/gazebo_plugin/build/CMakeFiles/CMakeTmp'
Building C object CMakeFiles/cmTC_1a189.dir/CheckFunctionExists.c.o
/usr/bin/cc    -DCHECK_FUNCTION_EXISTS=pthread_create   -o CMakeFiles/cmTC_1a189.dir/CheckFunctionExists.c.o   -c /usr/share/cmake-3.5/Modules/CheckFunctionExists.c
Linking C executable cmTC_1a189
/usr/bin/cmake -E cmake_link_script CMakeFiles/cmTC_1a189.dir/link.txt --verbose=1
/usr/bin/cc   -DCHECK_FUNCTION_EXISTS=pthread_create    CMakeFiles/cmTC_1a189.dir/CheckFunctionExists.c.o  -o cmTC_1a189 -rdynamic -lpthreads 
/usr/bin/ld: cannot find -lpthreads
collect2: error: ld returned 1 exit status
CMakeFiles/cmTC_1a189.dir/build.make:97: recipe for target 'cmTC_1a189' failed
make[1]: *** [cmTC_1a189] Error 1
make[1]: Leaving directory '/home/davlee/ROS_ws/catkin_ws/src/gazebo_plugin/build/CMakeFiles/CMakeTmp'
Makefile:126: recipe for target 'cmTC_1a189/fast' failed
make: *** [cmTC_1a189/fast] Error 2


